Using pre-set license
Built from '2021.3/release' branch; Version is '2021.3.17f1 (3e8111cac19d) revision 4096273'; Using compiler version '192829333'; Build Type 'Release'
OS: 'Windows 10  (10.0.19045) 64bit Professional' Language: 'pt' Physical Memory: 16118 MB
BatchMode: 1, IsHumanControllingUs: 0, StartBugReporterOnCrash: 0, Is64bit: 1, IsPro: 1

COMMAND LINE ARGUMENTS:
C:\Program Files\Unity\Hub\Editor\2021.3.17f1\Editor\Unity.exe
-adb2
-batchMode
-noUpm
-name
AssetImportWorker0
-projectPath
C:/Users/sonegothi/Desktop/Documentos/GGJ/Bit Byters
-logFile
Logs/AssetImportWorker0.log
-srvPort
50616
Successfully changed project path to: C:/Users/sonegothi/Desktop/Documentos/GGJ/Bit Byters
C:/Users/sonegothi/Desktop/Documentos/GGJ/Bit Byters
[UnityMemory] Configuration Parameters - Can be set up in boot.config
    "memorysetup-bucket-allocator-granularity=16"
    "memorysetup-bucket-allocator-bucket-count=8"
    "memorysetup-bucket-allocator-block-size=33554432"
    "memorysetup-bucket-allocator-block-count=8"
    "memorysetup-main-allocator-block-size=16777216"
    "memorysetup-thread-allocator-block-size=16777216"
    "memorysetup-gfx-main-allocator-block-size=16777216"
    "memorysetup-gfx-thread-allocator-block-size=16777216"
    "memorysetup-cache-allocator-block-size=4194304"
    "memorysetup-typetree-allocator-block-size=2097152"
    "memorysetup-profiler-bucket-allocator-granularity=16"
    "memorysetup-profiler-bucket-allocator-bucket-count=8"
    "memorysetup-profiler-bucket-allocator-block-size=33554432"
    "memorysetup-profiler-bucket-allocator-block-count=8"
    "memorysetup-profiler-allocator-block-size=16777216"
    "memorysetup-profiler-editor-allocator-block-size=1048576"
    "memorysetup-temp-allocator-size-main=16777216"
    "memorysetup-job-temp-allocator-block-size=2097152"
    "memorysetup-job-temp-allocator-block-size-background=1048576"
    "memorysetup-job-temp-allocator-reduction-small-platforms=262144"
    "memorysetup-temp-allocator-size-background-worker=32768"
    "memorysetup-temp-allocator-size-job-worker=262144"
    "memorysetup-temp-allocator-size-preload-manager=33554432"
    "memorysetup-temp-allocator-size-nav-mesh-worker=65536"
    "memorysetup-temp-allocator-size-audio-worker=65536"
    "memorysetup-temp-allocator-size-cloud-worker=32768"
    "memorysetup-temp-allocator-size-gi-baking-worker=262144"
    "memorysetup-temp-allocator-size-gfx=262144"
Player connection [13540] Host "[IP] 192.168.0.106 [Port] 0 [Flags] 2 [Guid] 730950478 [EditorId] 730950478 [Version] 1048832 [Id] WindowsEditor(7,SQO-173) [Debug] 1 [PackageName] WindowsEditor [ProjectName] Editor" joined multi-casting on [225.0.0.222:54997]...

Player connection [13540] Host "[IP] 192.168.0.106 [Port] 0 [Flags] 2 [Guid] 730950478 [EditorId] 730950478 [Version] 1048832 [Id] WindowsEditor(7,SQO-173) [Debug] 1 [PackageName] WindowsEditor [ProjectName] Editor" joined alternative multi-casting on [225.0.0.222:34997]...

Refreshing native plugins compatible for Editor in 254.91 ms, found 4 plugins.
Preloading 0 native plugins for Editor in 0.00 ms.
Initialize engine version: 2021.3.17f1 (3e8111cac19d)
[Subsystems] Discovering subsystems at path C:/Program Files/Unity/Hub/Editor/2021.3.17f1/Editor/Data/Resources/UnitySubsystems
[Subsystems] Discovering subsystems at path C:/Users/sonegothi/Desktop/Documentos/GGJ/Bit Byters/Assets
GfxDevice: creating device client; threaded=0; jobified=0
Direct3D:
    Version:  Direct3D 11.0 [level 11.1]
    Renderer: Intel(R) Iris(R) Xe Graphics (ID=0x9a49)
    Vendor:   Intel
    VRAM:     8059 MB
    Driver:   31.0.101.3616
Initialize mono
Mono path[0] = 'C:/Program Files/Unity/Hub/Editor/2021.3.17f1/Editor/Data/Managed'
Mono path[1] = 'C:/Program Files/Unity/Hub/Editor/2021.3.17f1/Editor/Data/MonoBleedingEdge/lib/mono/unityjit-win32'
Mono config path = 'C:/Program Files/Unity/Hub/Editor/2021.3.17f1/Editor/Data/MonoBleedingEdge/etc'
Using monoOptions --debugger-agent=transport=dt_socket,embedding=1,server=y,suspend=n,address=127.0.0.1:56820
Begin MonoManager ReloadAssembly
Registering precompiled unity dll's ...
Register platform support module: C:/Program Files/Unity/Hub/Editor/2021.3.17f1/Editor/Data/PlaybackEngines/WebGLSupport/UnityEditor.WebGL.Extensions.dll
Register platform support module: C:/Program Files/Unity/Hub/Editor/2021.3.17f1/Editor/Data/PlaybackEngines/WindowsStandaloneSupport/UnityEditor.WindowsStandalone.Extensions.dll
Register platform support module: C:/Program Files/Unity/Hub/Editor/2021.3.17f1/Editor/Data/PlaybackEngines/MetroSupport/UnityEditor.UWP.Extensions.dll
Registered in 0.080989 seconds.
Native extension for UWP target not found
Native extension for WindowsStandalone target not found
Native extension for WebGL target not found
Refreshing native plugins compatible for Editor in 324.03 ms, found 4 plugins.
Preloading 0 native plugins for Editor in 0.00 ms.
Mono: successfully reloaded assembly
- Completed reload, in  2.118 seconds
Domain Reload Profiling:
	ReloadAssembly (2119ms)
		BeginReloadAssembly (352ms)
			ExecutionOrderSort (0ms)
			DisableScriptedObjects (0ms)
			BackupInstance (0ms)
			ReleaseScriptingObjects (0ms)
			CreateAndSetChildDomain (2ms)
		EndReloadAssembly (1293ms)
			LoadAssemblies (326ms)
			RebuildTransferFunctionScriptingTraits (0ms)
			SetupTypeCache (286ms)
			ReleaseScriptCaches (0ms)
			RebuildScriptCaches (71ms)
			SetupLoadedEditorAssemblies (746ms)
				LogAssemblyErrors (0ms)
				InitializePlatformSupportModulesInManaged (47ms)
				SetLoadedEditorAssemblies (2ms)
				RefreshPlugins (324ms)
				BeforeProcessingInitializeOnLoad (4ms)
				ProcessInitializeOnLoadAttributes (258ms)
				ProcessInitializeOnLoadMethodAttributes (110ms)
				AfterProcessingInitializeOnLoad (0ms)
				EditorAssembliesLoaded (1ms)
			ExecutionOrderSort2 (0ms)
			AwakeInstancesAfterBackupRestoration (0ms)
Platform modules already initialized, skipping
Registering precompiled user dll's ...
Registered in 0.047846 seconds.
Begin MonoManager ReloadAssembly
Symbol file LoadedFromMemory doesn't match image C:\Users\sonegothi\Desktop\Documentos\GGJ\Bit Byters\Library\PackageCache\com.unity.visualscripting@1.8.0\Editor\VisualScripting.Core\Dependencies\YamlDotNet\Unity.VisualScripting.YamlDotNet.dll
Symbol file LoadedFromMemory doesn't match image C:\Users\sonegothi\Desktop\Documentos\GGJ\Bit Byters\Library\PackageCache\com.unity.visualscripting@1.8.0\Editor\VisualScripting.Core\Dependencies\DotNetZip\Unity.VisualScripting.IonicZip.dll
Native extension for UWP target not found
Native extension for WindowsStandalone target not found
Native extension for WebGL target not found
Refreshing native plugins compatible for Editor in 246.44 ms, found 4 plugins.
Preloading 0 native plugins for Editor in 0.00 ms.
Exception: Error! Visual Scripting: couldn't find visual scripting package
  at Unity.VisualScripting.PackageVersionUtility.get_version () [0x00025] in C:\Users\sonegothi\Desktop\Documentos\GGJ\Bit Byters\Library\PackageCache\com.unity.visualscripting@1.8.0\Editor\VisualScripting.Core\Utilities\PackageVersionUtility.cs:22 
  at Unity.VisualScripting.BoltCoreManifest.get_version () [0x00000] in C:\Users\sonegothi\Desktop\Documentos\GGJ\Bit Byters\Library\PackageCache\com.unity.visualscripting@1.8.0\Editor\VisualScripting.Core\Plugin\BoltCoreManifest.cs:11 
  at Unity.VisualScripting.PluginConfiguration.Initialize () [0x000ca] in C:\Users\sonegothi\Desktop\Documentos\GGJ\Bit Byters\Library\PackageCache\com.unity.visualscripting@1.8.0\Editor\VisualScripting.Core\Plugins\PluginConfiguration.cs:59 
  at Unity.VisualScripting.PluginContainer.Initialize () [0x004f2] in C:\Users\sonegothi\Desktop\Documentos\GGJ\Bit Byters\Library\PackageCache\com.unity.visualscripting@1.8.0\Editor\VisualScripting.Core\Plugins\PluginContainer.cs:199 
Rethrow as Exception: Failed to initialize plugin module 'VisualScripting.Core.BoltCoreConfiguration'.

UnityEngine.DebugLogHandler:Internal_LogException(Exception, Object)
UnityEngine.DebugLogHandler:LogException(Exception, Object)
UnityEngine.Logger:LogException(Exception, Object)
UnityEngine.Debug:LogException(Exception)
Unity.VisualScripting.PluginContainer:Initialize() (at Library\PackageCache\com.unity.visualscripting@1.8.0\Editor\VisualScripting.Core\Plugins\PluginContainer.cs:204)
Unity.VisualScripting.PluginContainer:InitializeOnLoad() (at Library\PackageCache\com.unity.visualscripting@1.8.0\Editor\VisualScripting.Core\Plugins\PluginContainer.cs:32)
Unity.VisualScripting.VSUsageUtility:DoInitializeOnLoadCalls() (at Library\PackageCache\com.unity.visualscripting@1.8.0\Editor\VisualScripting.Core\Utilities\VSUsageUtility.cs:76)
Unity.VisualScripting.VSUsageUtility:set_isVisualScriptingUsed(Boolean) (at Library\PackageCache\com.unity.visualscripting@1.8.0\Editor\VisualScripting.Core\Utilities\VSUsageUtility.cs:114)
Unity.VisualScripting.VSUsageUtility:CheckAndSetIsVisualScriptingUsed() (at Library\PackageCache\com.unity.visualscripting@1.8.0\Editor\VisualScripting.Core\Utilities\VSUsageUtility.cs:48)
Unity.VisualScripting.VSUsageUtility:.cctor() (at Library\PackageCache\com.unity.visualscripting@1.8.0\Editor\VisualScripting.Core\Utilities\VSUsageUtility.cs:22)
System.Runtime.CompilerServices.RuntimeHelpers:RunClassConstructor(IntPtr)
System.Runtime.CompilerServices.RuntimeHelpers:RunClassConstructor(RuntimeTypeHandle)
UnityEditor.EditorAssemblies:ProcessInitializeOnLoadAttributes(Type[])

(Filename: Library/PackageCache/com.unity.visualscripting@1.8.0/Editor/VisualScripting.Core/Plugins/PluginContainer.cs Line: 204)

System.Exception: Error! Visual Scripting: couldn't find visual scripting package
  at Unity.VisualScripting.PackageVersionUtility.get_version () [0x00025] in C:\Users\sonegothi\Desktop\Documentos\GGJ\Bit Byters\Library\PackageCache\com.unity.visualscripting@1.8.0\Editor\VisualScripting.Core\Utilities\PackageVersionUtility.cs:22 
  at Unity.VisualScripting.BoltCoreManifest.get_version () [0x00000] in C:\Users\sonegothi\Desktop\Documentos\GGJ\Bit Byters\Library\PackageCache\com.unity.visualscripting@1.8.0\Editor\VisualScripting.Core\Plugin\BoltCoreManifest.cs:11 
  at Unity.VisualScripting.PluginManifest.get_currentVersion () [0x00000] in C:\Users\sonegothi\Desktop\Documentos\GGJ\Bit Byters\Library\PackageCache\com.unity.visualscripting@1.8.0\Editor\VisualScripting.Core\Plugins\PluginManifest.cs:33 
  at Unity.VisualScripting.PluginManifest.get_versionMismatch () [0x00000] in C:\Users\sonegothi\Desktop\Documentos\GGJ\Bit Byters\Library\PackageCache\com.unity.visualscripting@1.8.0\Editor\VisualScripting.Core\Plugins\PluginManifest.cs:48 
  at Unity.VisualScripting.PluginContainer.Initialize () [0x0057d] in C:\Users\sonegothi\Desktop\Documentos\GGJ\Bit Byters\Library\PackageCache\com.unity.visualscripting@1.8.0\Editor\VisualScripting.Core\Plugins\PluginContainer.cs:208 
  at Unity.VisualScripting.PluginContainer.InitializeOnLoad () [0x00012] in C:\Users\sonegothi\Desktop\Documentos\GGJ\Bit Byters\Library\PackageCache\com.unity.visualscripting@1.8.0\Editor\VisualScripting.Core\Plugins\PluginContainer.cs:32 
  at Unity.VisualScripting.VSUsageUtility.DoInitializeOnLoadCalls () [0x00044] in C:\Users\sonegothi\Desktop\Documentos\GGJ\Bit Byters\Library\PackageCache\com.unity.visualscripting@1.8.0\Editor\VisualScripting.Core\Utilities\VSUsageUtility.cs:76 
  at Unity.VisualScripting.VSUsageUtility.set_isVisualScriptingUsed (System.Boolean value) [0x00037] in C:\Users\sonegothi\Desktop\Documentos\GGJ\Bit Byters\Library\PackageCache\com.unity.visualscripting@1.8.0\Editor\VisualScripting.Core\Utilities\VSUsageUtility.cs:114 
  at Unity.VisualScripting.VSUsageUtility.CheckAndSetIsVisualScriptingUsed () [0x0003f] in C:\Users\sonegothi\Desktop\Documentos\GGJ\Bit Byters\Library\PackageCache\com.unity.visualscripting@1.8.0\Editor\VisualScripting.Core\Utilities\VSUsageUtility.cs:48 
  at Unity.VisualScripting.VSUsageUtility..cctor () [0x0000d] in C:\Users\sonegothi\Desktop\Documentos\GGJ\Bit Byters\Library\PackageCache\com.unity.visualscripting@1.8.0\Editor\VisualScripting.Core\Utilities\VSUsageUtility.cs:22 
UnityEngine.StackTraceUtility:ExtractStackTrace ()
UnityEngine.DebugLogHandler:LogFormat (UnityEngine.LogType,UnityEngine.Object,string,object[])
UnityEngine.Logger:Log (UnityEngine.LogType,object)
UnityEngine.Debug:LogError (object)
UnityEditor.EditorAssemblies:ProcessInitializeOnLoadAttributes (System.Type[])

Mono: successfully reloaded assembly
- Completed reload, in  4.248 seconds
Domain Reload Profiling:
	ReloadAssembly (4250ms)
		BeginReloadAssembly (391ms)
			ExecutionOrderSort (0ms)
			DisableScriptedObjects (9ms)
			BackupInstance (0ms)
			ReleaseScriptingObjects (0ms)
			CreateAndSetChildDomain (52ms)
		EndReloadAssembly (3487ms)
			LoadAssemblies (372ms)
			RebuildTransferFunctionScriptingTraits (0ms)
			SetupTypeCache (634ms)
			ReleaseScriptCaches (1ms)
			RebuildScriptCaches (156ms)
			SetupLoadedEditorAssemblies (2280ms)
				LogAssemblyErrors (0ms)
				InitializePlatformSupportModulesInManaged (41ms)
				SetLoadedEditorAssemblies (0ms)
				RefreshPlugins (247ms)
				BeforeProcessingInitializeOnLoad (395ms)
				ProcessInitializeOnLoadAttributes (1429ms)
				ProcessInitializeOnLoadMethodAttributes (97ms)
				AfterProcessingInitializeOnLoad (71ms)
				EditorAssembliesLoaded (0ms)
			ExecutionOrderSort2 (0ms)
			AwakeInstancesAfterBackupRestoration (13ms)
Platform modules already initialized, skipping
========================================================================
Worker process is ready to serve import requests
Launched and connected shader compiler UnityShaderCompiler.exe after 0.10 seconds
Refreshing native plugins compatible for Editor in 1.15 ms, found 4 plugins.
Preloading 0 native plugins for Editor in 0.00 ms.
Unloading 4082 Unused Serialized files (Serialized files now loaded: 0)
Unloading 45 unused Assets / (229.1 KB). Loaded Objects now: 4534.
Memory consumption went from 153.5 MB to 153.3 MB.
Total: 23.420100 ms (FindLiveObjects: 0.356100 ms CreateObjectMapping: 0.207400 ms MarkObjects: 22.658100 ms  DeleteObjects: 0.197000 ms)

AssetImportParameters requested are different than current active one (requested -> active):
  custom:video-decoder-ogg-theora: a1e56fd34408186e4bbccfd4996cb3dc -> 
  custom:container-muxer-webm: aa71ff27fc2769a1b78a27578f13a17b -> 
  custom:container-demuxer-webm: 4f35f7cbe854078d1ac9338744f61a02 -> 
  custom:video-encoder-webm-vp8: eb34c28f22e8b96e1ab97ce403110664 -> 
  custom:video-codec-MediaFoundation-h265: 746d11721c4dcdbdad8f713fa42b33f4 -> 
  custom:audio-encoder-webm-vorbis: bf7c407c2cedff20999df2af8eb42d56 -> 
  custom:framework-win-MediaFoundation: 216162199b28c13a410421893ffa2e32 -> 
  custom:container-demuxer-ogg: 62fdf1f143b41e24485cea50d1cbac27 -> 
  custom:video-decoder-webm-vp8: 9c59270c3fd7afecdb556c50c9e8de78 -> 
  custom:audio-decoder-ogg-vorbis: bf7c407c2cedff20999df2af8eb42d56 -> 
========================================================================
Received Import Request.
  Time since last request: 1977357.146325 seconds.
  path: Assets/Art
  artifactKey: Guid(b7bed910fc3d92b4db4d0f0254aa8f74) Importer(815301076,1909f56bfc062723c751e8b465ee728b)
Start importing Assets/Art using Guid(b7bed910fc3d92b4db4d0f0254aa8f74) Importer(815301076,1909f56bfc062723c751e8b465ee728b)  -> (artifact id: 'd48f8ec15b7651ab1f25c4469a6accb8') in 0.027809 seconds 
========================================================================
Received Import Request.
  Time since last request: 0.000048 seconds.
  path: Assets/Sprites/Temp Father
  artifactKey: Guid(c37e67f35b1461940ac5f489716a436f) Importer(815301076,1909f56bfc062723c751e8b465ee728b)
Start importing Assets/Sprites/Temp Father using Guid(c37e67f35b1461940ac5f489716a436f) Importer(815301076,1909f56bfc062723c751e8b465ee728b)  -> (artifact id: '1105cbc73c1e1efe6dadf3b52e32d7fb') in 0.018881 seconds 
========================================================================
Received Import Request.
  Time since last request: 0.000040 seconds.
  path: Assets/Sprites/Temp Father/Father.png
  artifactKey: Guid(517d36ca16d8c9642b6159c4781c88b8) Importer(815301076,1909f56bfc062723c751e8b465ee728b)
Start importing Assets/Sprites/Temp Father/Father.png using Guid(517d36ca16d8c9642b6159c4781c88b8) Importer(815301076,1909f56bfc062723c751e8b465ee728b)  -> (artifact id: 'f490d372175bc94c557cb7237db4f122') in 0.067023 seconds 
========================================================================
Received Import Request.
  Time since last request: 51.037919 seconds.
  path: Assets/Sprites/Temp Father/Father 1.png
  artifactKey: Guid(6f22e838ac9a455408f947102cac39f5) Importer(815301076,1909f56bfc062723c751e8b465ee728b)
Start importing Assets/Sprites/Temp Father/Father 1.png using Guid(6f22e838ac9a455408f947102cac39f5) Importer(815301076,1909f56bfc062723c751e8b465ee728b)  -> (artifact id: '1a6867b6a641c24f945b58c17c1487e3') in 0.348523 seconds 
========================================================================
Received Import Request.
  Time since last request: 19.852135 seconds.
  path: Assets/Sprites/Temp Father/Father 1.png
  artifactKey: Guid(6f22e838ac9a455408f947102cac39f5) Importer(815301076,1909f56bfc062723c751e8b465ee728b)
Start importing Assets/Sprites/Temp Father/Father 1.png using Guid(6f22e838ac9a455408f947102cac39f5) Importer(815301076,1909f56bfc062723c751e8b465ee728b)  -> (artifact id: 'cc86e33badd47a33402bcbcf081b0fbe') in 0.149924 seconds 
========================================================================
Received Import Request.
  Time since last request: 16.811793 seconds.
  path: Assets/Sprites/Temp Father/Father 1.png
  artifactKey: Guid(6f22e838ac9a455408f947102cac39f5) Importer(815301076,1909f56bfc062723c751e8b465ee728b)
Start importing Assets/Sprites/Temp Father/Father 1.png using Guid(6f22e838ac9a455408f947102cac39f5) Importer(815301076,1909f56bfc062723c751e8b465ee728b)  -> (artifact id: 'ff11ad78e99458f2844a95060fe2db62') in 0.138911 seconds 
========================================================================
Received Import Request.
  Time since last request: 7.971921 seconds.
  path: Assets/Sprites/Temp Father/Father_Injured 1.png
  artifactKey: Guid(fd2c0eaccad3f65489eb739f3a4c3474) Importer(815301076,1909f56bfc062723c751e8b465ee728b)
Start importing Assets/Sprites/Temp Father/Father_Injured 1.png using Guid(fd2c0eaccad3f65489eb739f3a4c3474) Importer(815301076,1909f56bfc062723c751e8b465ee728b)  -> (artifact id: 'e662bfc3240d422b7a705f00e3dc86e8') in 0.082894 seconds 
========================================================================
Received Import Request.
  Time since last request: 5.674283 seconds.
  path: Assets/Sprites/Temp Father/Father_Injured 1.png
  artifactKey: Guid(fd2c0eaccad3f65489eb739f3a4c3474) Importer(815301076,1909f56bfc062723c751e8b465ee728b)
Start importing Assets/Sprites/Temp Father/Father_Injured 1.png using Guid(fd2c0eaccad3f65489eb739f3a4c3474) Importer(815301076,1909f56bfc062723c751e8b465ee728b)  -> (artifact id: 'e8e44f18de2e46ecd5cb467f6d15bd8c') in 0.154288 seconds 
========================================================================
Received Import Request.
  Time since last request: 13.927223 seconds.
  path: Assets/Sprites/Temp Father/Father_Injured 1.png
  artifactKey: Guid(fd2c0eaccad3f65489eb739f3a4c3474) Importer(815301076,1909f56bfc062723c751e8b465ee728b)
Start importing Assets/Sprites/Temp Father/Father_Injured 1.png using Guid(fd2c0eaccad3f65489eb739f3a4c3474) Importer(815301076,1909f56bfc062723c751e8b465ee728b)  -> (artifact id: '165b10bd1eb7e2f7f7136c426fc7beb5') in 0.163483 seconds 
========================================================================
Received Import Request.
  Time since last request: 18.185937 seconds.
  path: Assets/Script
  artifactKey: Guid(a4c282b411bc4044fa522769607c585b) Importer(815301076,1909f56bfc062723c751e8b465ee728b)
Start importing Assets/Script using Guid(a4c282b411bc4044fa522769607c585b) Importer(815301076,1909f56bfc062723c751e8b465ee728b)  -> (artifact id: 'fce350a16218cdf55c45c7b596345691') in 0.008868 seconds 
========================================================================
Received Import Request.
  Time since last request: 2.079153 seconds.
  path: Assets/Scenes/Level 2.unity
  artifactKey: Guid(427ed3e81abeb4046b86dab31a3df15d) Importer(815301076,1909f56bfc062723c751e8b465ee728b)
Start importing Assets/Scenes/Level 2.unity using Guid(427ed3e81abeb4046b86dab31a3df15d) Importer(815301076,1909f56bfc062723c751e8b465ee728b)  -> (artifact id: '6cbbacfcabfa5875972842f342e3c45b') in 0.011502 seconds 
========================================================================
Received Import Request.
  Time since last request: 19.228744 seconds.
  path: Assets/Sprites/Temp PC
  artifactKey: Guid(a88e4685d9bdd9441933cf60b31a266f) Importer(815301076,1909f56bfc062723c751e8b465ee728b)
Start importing Assets/Sprites/Temp PC using Guid(a88e4685d9bdd9441933cf60b31a266f) Importer(815301076,1909f56bfc062723c751e8b465ee728b)  -> (artifact id: '642d7ca3c74f39fe6f3c230fae0e2185') in 0.008986 seconds 
========================================================================
Received Import Request.
  Time since last request: 0.067481 seconds.
  path: Assets/Sprites/Temp PC/pngegg.png
  artifactKey: Guid(2f8f3ca7295dab847b58532ef6bd23d9) Importer(815301076,1909f56bfc062723c751e8b465ee728b)
Start importing Assets/Sprites/Temp PC/pngegg.png using Guid(2f8f3ca7295dab847b58532ef6bd23d9) Importer(815301076,1909f56bfc062723c751e8b465ee728b)  -> (artifact id: '0f89785523d0ff7def2e38872fec981d') in 0.132729 seconds 
========================================================================
Received Import Request.
  Time since last request: 27.232380 seconds.
  path: Assets/Sprites/Temp Alien
  artifactKey: Guid(471573682d30cb24e8dab600e54c52ad) Importer(815301076,1909f56bfc062723c751e8b465ee728b)
Start importing Assets/Sprites/Temp Alien using Guid(471573682d30cb24e8dab600e54c52ad) Importer(815301076,1909f56bfc062723c751e8b465ee728b)  -> (artifact id: 'f8fab0c071379aff6c9c4793c561befc') in 0.010892 seconds 
========================================================================
Received Import Request.
  Time since last request: 0.052210 seconds.
  path: Assets/Sprites/Temp Alien/clipart3287450.png
  artifactKey: Guid(e4e1e3ab351354f4e8d894e4782e232d) Importer(815301076,1909f56bfc062723c751e8b465ee728b)
Start importing Assets/Sprites/Temp Alien/clipart3287450.png using Guid(e4e1e3ab351354f4e8d894e4782e232d) Importer(815301076,1909f56bfc062723c751e8b465ee728b)  -> (artifact id: 'f059d55983446a52186572ffd0035943') in 0.010493 seconds 
========================================================================
Received Import Request.
  Time since last request: 70.544338 seconds.
  path: Assets/Sprites/Temp Alien/clipart3287450 1.png
  artifactKey: Guid(6c2e13ce47cff5442a50c913ffde8df8) Importer(815301076,1909f56bfc062723c751e8b465ee728b)
Start importing Assets/Sprites/Temp Alien/clipart3287450 1.png using Guid(6c2e13ce47cff5442a50c913ffde8df8) Importer(815301076,1909f56bfc062723c751e8b465ee728b)  -> (artifact id: 'cbd79f19bb5c578ef1c5639cd903c945') in 0.117468 seconds 
========================================================================
Received Import Request.
  Time since last request: 12.517924 seconds.
  path: Assets/Sprites/Temp Alien/clipart3287450 1.png
  artifactKey: Guid(6c2e13ce47cff5442a50c913ffde8df8) Importer(815301076,1909f56bfc062723c751e8b465ee728b)
Start importing Assets/Sprites/Temp Alien/clipart3287450 1.png using Guid(6c2e13ce47cff5442a50c913ffde8df8) Importer(815301076,1909f56bfc062723c751e8b465ee728b)  -> (artifact id: 'b2dddde1958d359c464b2450b8df901a') in 0.114605 seconds 
========================================================================
Received Import Request.
  Time since last request: 38.381560 seconds.
  path: Assets/Maps
  artifactKey: Guid(8815c6c3a11811d42a7889f1c17afbdb) Importer(815301076,1909f56bfc062723c751e8b465ee728b)
Start importing Assets/Maps using Guid(8815c6c3a11811d42a7889f1c17afbdb) Importer(815301076,1909f56bfc062723c751e8b465ee728b)  -> (artifact id: 'a840add440633d597842dabb7d6e2563') in 0.012729 seconds 
========================================================================
Received Import Request.
  Time since last request: 1.083846 seconds.
  path: Assets/Maps/Itens
  artifactKey: Guid(319be636f872f4742ad52441370d1a3f) Importer(815301076,1909f56bfc062723c751e8b465ee728b)
Start importing Assets/Maps/Itens using Guid(319be636f872f4742ad52441370d1a3f) Importer(815301076,1909f56bfc062723c751e8b465ee728b)  -> (artifact id: '6bb0a06d3e9382c09d567c93181b0378') in 0.012801 seconds 
========================================================================
Received Import Request.
  Time since last request: 0.038658 seconds.
  path: Assets/Maps/Itens/Anvil.asset
  artifactKey: Guid(d81226456c0866f49b58b565a48add3c) Importer(815301076,1909f56bfc062723c751e8b465ee728b)
Start importing Assets/Maps/Itens/Anvil.asset using Guid(d81226456c0866f49b58b565a48add3c) Importer(815301076,1909f56bfc062723c751e8b465ee728b)  -> (artifact id: '371d234a4d4ec07e86a3b1d08d3caabf') in 0.024627 seconds 
========================================================================
Received Import Request.
  Time since last request: 0.000029 seconds.
  path: Assets/Maps/Itens/Basket.png
  artifactKey: Guid(a7541daa12aa42c40a8ad2dea49c1493) Importer(815301076,1909f56bfc062723c751e8b465ee728b)
Start importing Assets/Maps/Itens/Basket.png using Guid(a7541daa12aa42c40a8ad2dea49c1493) Importer(815301076,1909f56bfc062723c751e8b465ee728b)  -> (artifact id: '9251e6cce194cb1c7e9b1da55e324252') in 0.016358 seconds 
========================================================================
Received Import Request.
  Time since last request: 0.000030 seconds.
  path: Assets/Maps/Itens/Decor_Bread.png
  artifactKey: Guid(4025d7c66fbd34d4ea63a6d35d5cfb30) Importer(815301076,1909f56bfc062723c751e8b465ee728b)
Start importing Assets/Maps/Itens/Decor_Bread.png using Guid(4025d7c66fbd34d4ea63a6d35d5cfb30) Importer(815301076,1909f56bfc062723c751e8b465ee728b)  -> (artifact id: '4066c67da08c0d14655bc5a317a30792') in 0.017491 seconds 
========================================================================
Received Import Request.
  Time since last request: 0.000031 seconds.
  path: Assets/Maps/Itens/Decor_Cart.png
  artifactKey: Guid(0c809c477dd3d3d4ea063c4fff6407a0) Importer(815301076,1909f56bfc062723c751e8b465ee728b)
Start importing Assets/Maps/Itens/Decor_Cart.png using Guid(0c809c477dd3d3d4ea063c4fff6407a0) Importer(815301076,1909f56bfc062723c751e8b465ee728b)  -> (artifact id: 'db644e4a83f47849408e5dec5bf2733a') in 0.013424 seconds 
========================================================================
Received Import Request.
  Time since last request: 0.000129 seconds.
  path: Assets/Maps/Itens/Basket.asset
  artifactKey: Guid(f8e15c208778a814eb3392d7359548fb) Importer(815301076,1909f56bfc062723c751e8b465ee728b)
Start importing Assets/Maps/Itens/Basket.asset using Guid(f8e15c208778a814eb3392d7359548fb) Importer(815301076,1909f56bfc062723c751e8b465ee728b)  -> (artifact id: 'd9c715baf7bd722516195f34f4f1a301') in 0.012285 seconds 
========================================================================
Received Import Request.
  Time since last request: 0.000029 seconds.
  path: Assets/Maps/Itens/Decor_Cart.asset
  artifactKey: Guid(18f03fedc6595bf4eaf631fe2921d8a6) Importer(815301076,1909f56bfc062723c751e8b465ee728b)
Start importing Assets/Maps/Itens/Decor_Cart.asset using Guid(18f03fedc6595bf4eaf631fe2921d8a6) Importer(815301076,1909f56bfc062723c751e8b465ee728b)  -> (artifact id: '966833701746c3de4c94457035bd0d84') in 0.013381 seconds 
========================================================================
Received Import Request.
  Time since last request: 0.000026 seconds.
  path: Assets/Maps/Itens/Decor_Chest.asset
  artifactKey: Guid(804d835832c60504995a49a62e5e7433) Importer(815301076,1909f56bfc062723c751e8b465ee728b)
Start importing Assets/Maps/Itens/Decor_Chest.asset using Guid(804d835832c60504995a49a62e5e7433) Importer(815301076,1909f56bfc062723c751e8b465ee728b)  -> (artifact id: 'bafdf9eeea94c3e03e923e370190a51f') in 0.023599 seconds 
========================================================================
Received Import Request.
  Time since last request: 0.000036 seconds.
  path: Assets/Maps/Itens/Chair.png
  artifactKey: Guid(9297bddf44e3aab4ea6ab25cb54fbc07) Importer(815301076,1909f56bfc062723c751e8b465ee728b)
Start importing Assets/Maps/Itens/Chair.png using Guid(9297bddf44e3aab4ea6ab25cb54fbc07) Importer(815301076,1909f56bfc062723c751e8b465ee728b)  -> (artifact id: 'f6cc69bfed2a7c1dc350c151c9c2116b') in 0.005873 seconds 
========================================================================
Received Import Request.
  Time since last request: 21.122840 seconds.
  path: Assets/Maps/Itens/Bottle 1.png
  artifactKey: Guid(f63ef2c9f17075544afabfcfdeedc922) Importer(815301076,1909f56bfc062723c751e8b465ee728b)
Start importing Assets/Maps/Itens/Bottle 1.png using Guid(f63ef2c9f17075544afabfcfdeedc922) Importer(815301076,1909f56bfc062723c751e8b465ee728b)  -> (artifact id: '226abd7db86d355b8d1aabf17e7b0a30') in 0.029541 seconds 
========================================================================
Received Import Request.
  Time since last request: 22.358156 seconds.
  path: Assets/Maps/Itens/Bottle 1.png
  artifactKey: Guid(f63ef2c9f17075544afabfcfdeedc922) Importer(815301076,1909f56bfc062723c751e8b465ee728b)
Start importing Assets/Maps/Itens/Bottle 1.png using Guid(f63ef2c9f17075544afabfcfdeedc922) Importer(815301076,1909f56bfc062723c751e8b465ee728b)  -> (artifact id: '6a2068d07d2f8d2d9be54f9cb344b9df') in 0.029475 seconds 
========================================================================
Received Import Request.
  Time since last request: 57.043118 seconds.
  path: Assets/Scenes/Win.unity
  artifactKey: Guid(afa7f44360ecdbb4c82e61b2a5b2aaba) Importer(815301076,1909f56bfc062723c751e8b465ee728b)
Start importing Assets/Scenes/Win.unity using Guid(afa7f44360ecdbb4c82e61b2a5b2aaba) Importer(815301076,1909f56bfc062723c751e8b465ee728b)  -> (artifact id: '13b282b37e174fc1d43ea20a5428d27b') in 0.009530 seconds 
========================================================================
Received Import Request.
  Time since last request: 7.840511 seconds.
  path: Assets/Scenes/MainMenu.unity
  artifactKey: Guid(bbb21e7f2246ac44d837f4432c7f48f3) Importer(815301076,1909f56bfc062723c751e8b465ee728b)
Start importing Assets/Scenes/MainMenu.unity using Guid(bbb21e7f2246ac44d837f4432c7f48f3) Importer(815301076,1909f56bfc062723c751e8b465ee728b)  -> (artifact id: '2677813edf6c72e15d06662df3faa9d5') in 0.008673 seconds 
========================================================================
Received Prepare
Registering precompiled user dll's ...
Registered in 0.046650 seconds.
Begin MonoManager ReloadAssembly
Symbol file LoadedFromMemory doesn't match image C:\Users\sonegothi\Desktop\Documentos\GGJ\Bit Byters\Library\PackageCache\com.unity.visualscripting@1.8.0\Editor\VisualScripting.Core\Dependencies\YamlDotNet\Unity.VisualScripting.YamlDotNet.dll
Symbol file LoadedFromMemory doesn't match image C:\Users\sonegothi\Desktop\Documentos\GGJ\Bit Byters\Library\PackageCache\com.unity.visualscripting@1.8.0\Editor\VisualScripting.Core\Dependencies\DotNetZip\Unity.VisualScripting.IonicZip.dll
Native extension for UWP target not found
Native extension for WindowsStandalone target not found
Native extension for WebGL target not found
Refreshing native plugins compatible for Editor in 1.38 ms, found 4 plugins.
Preloading 0 native plugins for Editor in 0.00 ms.
System.Exception: Error! Visual Scripting: couldn't find visual scripting package
  at Unity.VisualScripting.PackageVersionUtility.get_version () [0x00025] in C:\Users\sonegothi\Desktop\Documentos\GGJ\Bit Byters\Library\PackageCache\com.unity.visualscripting@1.8.0\Editor\VisualScripting.Core\Utilities\PackageVersionUtility.cs:22 
  at Unity.VisualScripting.BoltCoreManifest.get_version () [0x00000] in C:\Users\sonegothi\Desktop\Documentos\GGJ\Bit Byters\Library\PackageCache\com.unity.visualscripting@1.8.0\Editor\VisualScripting.Core\Plugin\BoltCoreManifest.cs:11 
  at Unity.VisualScripting.PluginManifest.get_currentVersion () [0x00000] in C:\Users\sonegothi\Desktop\Documentos\GGJ\Bit Byters\Library\PackageCache\com.unity.visualscripting@1.8.0\Editor\VisualScripting.Core\Plugins\PluginManifest.cs:33 
  at Unity.VisualScripting.PluginManifest.get_versionMismatch () [0x00000] in C:\Users\sonegothi\Desktop\Documentos\GGJ\Bit Byters\Library\PackageCache\com.unity.visualscripting@1.8.0\Editor\VisualScripting.Core\Plugins\PluginManifest.cs:48 
  at Unity.VisualScripting.PluginContainer.Initialize () [0x0057d] in C:\Users\sonegothi\Desktop\Documentos\GGJ\Bit Byters\Library\PackageCache\com.unity.visualscripting@1.8.0\Editor\VisualScripting.Core\Plugins\PluginContainer.cs:208 
  at Unity.VisualScripting.PluginContainer.InitializeOnLoad () [0x00012] in C:\Users\sonegothi\Desktop\Documentos\GGJ\Bit Byters\Library\PackageCache\com.unity.visualscripting@1.8.0\Editor\VisualScripting.Core\Plugins\PluginContainer.cs:32 
  at Unity.VisualScripting.VSUsageUtility.DoInitializeOnLoadCalls () [0x00044] in C:\Users\sonegothi\Desktop\Documentos\GGJ\Bit Byters\Library\PackageCache\com.unity.visualscripting@1.8.0\Editor\VisualScripting.Core\Utilities\VSUsageUtility.cs:76 
  at Unity.VisualScripting.VSUsageUtility.set_isVisualScriptingUsed (System.Boolean value) [0x00037] in C:\Users\sonegothi\Desktop\Documentos\GGJ\Bit Byters\Library\PackageCache\com.unity.visualscripting@1.8.0\Editor\VisualScripting.Core\Utilities\VSUsageUtility.cs:114 
  at Unity.VisualScripting.VSUsageUtility.CheckAndSetIsVisualScriptingUsed () [0x00013] in C:\Users\sonegothi\Desktop\Documentos\GGJ\Bit Byters\Library\PackageCache\com.unity.visualscripting@1.8.0\Editor\VisualScripting.Core\Utilities\VSUsageUtility.cs:33 
  at Unity.VisualScripting.VSUsageUtility..cctor () [0x0000d] in C:\Users\sonegothi\Desktop\Documentos\GGJ\Bit Byters\Library\PackageCache\com.unity.visualscripting@1.8.0\Editor\VisualScripting.Core\Utilities\VSUsageUtility.cs:22 
UnityEngine.StackTraceUtility:ExtractStackTrace ()
UnityEngine.DebugLogHandler:LogFormat (UnityEngine.LogType,UnityEngine.Object,string,object[])
UnityEngine.Logger:Log (UnityEngine.LogType,object)
UnityEngine.Debug:LogError (object)
UnityEditor.EditorAssemblies:ProcessInitializeOnLoadAttributes (System.Type[])

Mono: successfully reloaded assembly
- Completed reload, in  5.238 seconds
Domain Reload Profiling:
	ReloadAssembly (5240ms)
		BeginReloadAssembly (782ms)
			ExecutionOrderSort (0ms)
			DisableScriptedObjects (23ms)
			BackupInstance (0ms)
			ReleaseScriptingObjects (0ms)
			CreateAndSetChildDomain (205ms)
		EndReloadAssembly (3886ms)
			LoadAssemblies (557ms)
			RebuildTransferFunctionScriptingTraits (0ms)
			SetupTypeCache (758ms)
			ReleaseScriptCaches (4ms)
			RebuildScriptCaches (150ms)
			SetupLoadedEditorAssemblies (1978ms)
				LogAssemblyErrors (0ms)
				InitializePlatformSupportModulesInManaged (75ms)
				SetLoadedEditorAssemblies (1ms)
				RefreshPlugins (1ms)
				BeforeProcessingInitializeOnLoad (395ms)
				ProcessInitializeOnLoadAttributes (1331ms)
				ProcessInitializeOnLoadMethodAttributes (98ms)
				AfterProcessingInitializeOnLoad (76ms)
				EditorAssembliesLoaded (1ms)
			ExecutionOrderSort2 (0ms)
			AwakeInstancesAfterBackupRestoration (29ms)
Platform modules already initialized, skipping
Refreshing native plugins compatible for Editor in 11.55 ms, found 4 plugins.
Preloading 0 native plugins for Editor in 0.00 ms.
Unloading 4064 Unused Serialized files (Serialized files now loaded: 0)
Unloading 31 unused Assets / (195.7 KB). Loaded Objects now: 4552.
Memory consumption went from 156.1 MB to 155.9 MB.
Total: 25.118400 ms (FindLiveObjects: 0.423300 ms CreateObjectMapping: 0.244300 ms MarkObjects: 24.159300 ms  DeleteObjects: 0.288800 ms)

AssetImportParameters requested are different than current active one (requested -> active):
  custom:video-decoder-ogg-theora: a1e56fd34408186e4bbccfd4996cb3dc -> 
  custom:container-muxer-webm: aa71ff27fc2769a1b78a27578f13a17b -> 
  custom:container-demuxer-webm: 4f35f7cbe854078d1ac9338744f61a02 -> 
  custom:video-encoder-webm-vp8: eb34c28f22e8b96e1ab97ce403110664 -> 
  custom:video-codec-MediaFoundation-h265: 746d11721c4dcdbdad8f713fa42b33f4 -> 
  custom:audio-encoder-webm-vorbis: bf7c407c2cedff20999df2af8eb42d56 -> 
  custom:framework-win-MediaFoundation: 216162199b28c13a410421893ffa2e32 -> 
  custom:container-demuxer-ogg: 62fdf1f143b41e24485cea50d1cbac27 -> 
  custom:video-decoder-webm-vp8: 9c59270c3fd7afecdb556c50c9e8de78 -> 
  custom:audio-decoder-ogg-vorbis: bf7c407c2cedff20999df2af8eb42d56 -> 
========================================================================
Received Prepare
Registering precompiled user dll's ...
Registered in 0.052035 seconds.
Begin MonoManager ReloadAssembly
Symbol file LoadedFromMemory doesn't match image C:\Users\sonegothi\Desktop\Documentos\GGJ\Bit Byters\Library\PackageCache\com.unity.visualscripting@1.8.0\Editor\VisualScripting.Core\Dependencies\YamlDotNet\Unity.VisualScripting.YamlDotNet.dll
Symbol file LoadedFromMemory doesn't match image C:\Users\sonegothi\Desktop\Documentos\GGJ\Bit Byters\Library\PackageCache\com.unity.visualscripting@1.8.0\Editor\VisualScripting.Core\Dependencies\DotNetZip\Unity.VisualScripting.IonicZip.dll
Native extension for UWP target not found
Native extension for WindowsStandalone target not found
Native extension for WebGL target not found
Refreshing native plugins compatible for Editor in 1.45 ms, found 4 plugins.
Preloading 0 native plugins for Editor in 0.00 ms.
System.Exception: Error! Visual Scripting: couldn't find visual scripting package
  at Unity.VisualScripting.PackageVersionUtility.get_version () [0x00025] in C:\Users\sonegothi\Desktop\Documentos\GGJ\Bit Byters\Library\PackageCache\com.unity.visualscripting@1.8.0\Editor\VisualScripting.Core\Utilities\PackageVersionUtility.cs:22 
  at Unity.VisualScripting.BoltCoreManifest.get_version () [0x00000] in C:\Users\sonegothi\Desktop\Documentos\GGJ\Bit Byters\Library\PackageCache\com.unity.visualscripting@1.8.0\Editor\VisualScripting.Core\Plugin\BoltCoreManifest.cs:11 
  at Unity.VisualScripting.PluginManifest.get_currentVersion () [0x00000] in C:\Users\sonegothi\Desktop\Documentos\GGJ\Bit Byters\Library\PackageCache\com.unity.visualscripting@1.8.0\Editor\VisualScripting.Core\Plugins\PluginManifest.cs:33 
  at Unity.VisualScripting.PluginManifest.get_versionMismatch () [0x00000] in C:\Users\sonegothi\Desktop\Documentos\GGJ\Bit Byters\Library\PackageCache\com.unity.visualscripting@1.8.0\Editor\VisualScripting.Core\Plugins\PluginManifest.cs:48 
  at Unity.VisualScripting.PluginContainer.Initialize () [0x0057d] in C:\Users\sonegothi\Desktop\Documentos\GGJ\Bit Byters\Library\PackageCache\com.unity.visualscripting@1.8.0\Editor\VisualScripting.Core\Plugins\PluginContainer.cs:208 
  at Unity.VisualScripting.PluginContainer.InitializeOnLoad () [0x00012] in C:\Users\sonegothi\Desktop\Documentos\GGJ\Bit Byters\Library\PackageCache\com.unity.visualscripting@1.8.0\Editor\VisualScripting.Core\Plugins\PluginContainer.cs:32 
  at Unity.VisualScripting.VSUsageUtility.DoInitializeOnLoadCalls () [0x00044] in C:\Users\sonegothi\Desktop\Documentos\GGJ\Bit Byters\Library\PackageCache\com.unity.visualscripting@1.8.0\Editor\VisualScripting.Core\Utilities\VSUsageUtility.cs:76 
  at Unity.VisualScripting.VSUsageUtility.set_isVisualScriptingUsed (System.Boolean value) [0x00037] in C:\Users\sonegothi\Desktop\Documentos\GGJ\Bit Byters\Library\PackageCache\com.unity.visualscripting@1.8.0\Editor\VisualScripting.Core\Utilities\VSUsageUtility.cs:114 
  at Unity.VisualScripting.VSUsageUtility.CheckAndSetIsVisualScriptingUsed () [0x00013] in C:\Users\sonegothi\Desktop\Documentos\GGJ\Bit Byters\Library\PackageCache\com.unity.visualscripting@1.8.0\Editor\VisualScripting.Core\Utilities\VSUsageUtility.cs:33 
  at Unity.VisualScripting.VSUsageUtility..cctor () [0x0000d] in C:\Users\sonegothi\Desktop\Documentos\GGJ\Bit Byters\Library\PackageCache\com.unity.visualscripting@1.8.0\Editor\VisualScripting.Core\Utilities\VSUsageUtility.cs:22 
UnityEngine.StackTraceUtility:ExtractStackTrace ()
UnityEngine.DebugLogHandler:LogFormat (UnityEngine.LogType,UnityEngine.Object,string,object[])
UnityEngine.Logger:Log (UnityEngine.LogType,object)
UnityEngine.Debug:LogError (object)
UnityEditor.EditorAssemblies:ProcessInitializeOnLoadAttributes (System.Type[])

Mono: successfully reloaded assembly
- Completed reload, in  4.967 seconds
Domain Reload Profiling:
	ReloadAssembly (4969ms)
		BeginReloadAssembly (789ms)
			ExecutionOrderSort (0ms)
			DisableScriptedObjects (26ms)
			BackupInstance (0ms)
			ReleaseScriptingObjects (0ms)
			CreateAndSetChildDomain (137ms)
		EndReloadAssembly (3646ms)
			LoadAssemblies (642ms)
			RebuildTransferFunctionScriptingTraits (0ms)
			SetupTypeCache (848ms)
			ReleaseScriptCaches (3ms)
			RebuildScriptCaches (156ms)
			SetupLoadedEditorAssemblies (1592ms)
				LogAssemblyErrors (0ms)
				InitializePlatformSupportModulesInManaged (61ms)
				SetLoadedEditorAssemblies (1ms)
				RefreshPlugins (2ms)
				BeforeProcessingInitializeOnLoad (304ms)
				ProcessInitializeOnLoadAttributes (1058ms)
				ProcessInitializeOnLoadMethodAttributes (97ms)
				AfterProcessingInitializeOnLoad (69ms)
				EditorAssembliesLoaded (0ms)
			ExecutionOrderSort2 (0ms)
			AwakeInstancesAfterBackupRestoration (16ms)
Platform modules already initialized, skipping
Refreshing native plugins compatible for Editor in 9.97 ms, found 4 plugins.
Preloading 0 native plugins for Editor in 0.00 ms.
Unloading 4064 Unused Serialized files (Serialized files now loaded: 0)
Unloading 31 unused Assets / (195.7 KB). Loaded Objects now: 4556.
Memory consumption went from 156.1 MB to 155.9 MB.
Total: 35.549600 ms (FindLiveObjects: 0.443500 ms CreateObjectMapping: 0.422600 ms MarkObjects: 34.233000 ms  DeleteObjects: 0.447600 ms)

AssetImportParameters requested are different than current active one (requested -> active):
  custom:video-decoder-ogg-theora: a1e56fd34408186e4bbccfd4996cb3dc -> 
  custom:container-muxer-webm: aa71ff27fc2769a1b78a27578f13a17b -> 
  custom:container-demuxer-webm: 4f35f7cbe854078d1ac9338744f61a02 -> 
  custom:video-encoder-webm-vp8: eb34c28f22e8b96e1ab97ce403110664 -> 
  custom:video-codec-MediaFoundation-h265: 746d11721c4dcdbdad8f713fa42b33f4 -> 
  custom:audio-encoder-webm-vorbis: bf7c407c2cedff20999df2af8eb42d56 -> 
  custom:framework-win-MediaFoundation: 216162199b28c13a410421893ffa2e32 -> 
  custom:container-demuxer-ogg: 62fdf1f143b41e24485cea50d1cbac27 -> 
  custom:video-decoder-webm-vp8: 9c59270c3fd7afecdb556c50c9e8de78 -> 
  custom:audio-decoder-ogg-vorbis: bf7c407c2cedff20999df2af8eb42d56 -> 
========================================================================
Received Prepare
Refreshing native plugins compatible for Editor in 28.59 ms, found 4 plugins.
Preloading 0 native plugins for Editor in 0.00 ms.
Unloading 32 Unused Serialized files (Serialized files now loaded: 0)
Unloading 31 unused Assets / (192.9 KB). Loaded Objects now: 4557.
Memory consumption went from 76.0 MB to 75.9 MB.
Total: 24.721900 ms (FindLiveObjects: 0.484600 ms CreateObjectMapping: 0.257500 ms MarkObjects: 23.669100 ms  DeleteObjects: 0.308400 ms)

AssetImportParameters requested are different than current active one (requested -> active):
  custom:video-decoder-ogg-theora: a1e56fd34408186e4bbccfd4996cb3dc -> 
  custom:container-muxer-webm: aa71ff27fc2769a1b78a27578f13a17b -> 
  custom:container-demuxer-webm: 4f35f7cbe854078d1ac9338744f61a02 -> 
  custom:video-encoder-webm-vp8: eb34c28f22e8b96e1ab97ce403110664 -> 
  custom:video-codec-MediaFoundation-h265: 746d11721c4dcdbdad8f713fa42b33f4 -> 
  custom:audio-encoder-webm-vorbis: bf7c407c2cedff20999df2af8eb42d56 -> 
  custom:framework-win-MediaFoundation: 216162199b28c13a410421893ffa2e32 -> 
  custom:container-demuxer-ogg: 62fdf1f143b41e24485cea50d1cbac27 -> 
  custom:video-decoder-webm-vp8: 9c59270c3fd7afecdb556c50c9e8de78 -> 
  custom:audio-decoder-ogg-vorbis: bf7c407c2cedff20999df2af8eb42d56 -> 
========================================================================
Received Prepare
Registering precompiled user dll's ...
Registered in 0.038297 seconds.
Begin MonoManager ReloadAssembly
Symbol file LoadedFromMemory doesn't match image C:\Users\sonegothi\Desktop\Documentos\GGJ\Bit Byters\Library\PackageCache\com.unity.visualscripting@1.8.0\Editor\VisualScripting.Core\Dependencies\YamlDotNet\Unity.VisualScripting.YamlDotNet.dll
Symbol file LoadedFromMemory doesn't match image C:\Users\sonegothi\Desktop\Documentos\GGJ\Bit Byters\Library\PackageCache\com.unity.visualscripting@1.8.0\Editor\VisualScripting.Core\Dependencies\DotNetZip\Unity.VisualScripting.IonicZip.dll
Native extension for UWP target not found
Native extension for WindowsStandalone target not found
Native extension for WebGL target not found
Refreshing native plugins compatible for Editor in 1.03 ms, found 4 plugins.
Preloading 0 native plugins for Editor in 0.00 ms.
System.Exception: Error! Visual Scripting: couldn't find visual scripting package
  at Unity.VisualScripting.PackageVersionUtility.get_version () [0x00025] in C:\Users\sonegothi\Desktop\Documentos\GGJ\Bit Byters\Library\PackageCache\com.unity.visualscripting@1.8.0\Editor\VisualScripting.Core\Utilities\PackageVersionUtility.cs:22 
  at Unity.VisualScripting.BoltCoreManifest.get_version () [0x00000] in C:\Users\sonegothi\Desktop\Documentos\GGJ\Bit Byters\Library\PackageCache\com.unity.visualscripting@1.8.0\Editor\VisualScripting.Core\Plugin\BoltCoreManifest.cs:11 
  at Unity.VisualScripting.PluginManifest.get_currentVersion () [0x00000] in C:\Users\sonegothi\Desktop\Documentos\GGJ\Bit Byters\Library\PackageCache\com.unity.visualscripting@1.8.0\Editor\VisualScripting.Core\Plugins\PluginManifest.cs:33 
  at Unity.VisualScripting.PluginManifest.get_versionMismatch () [0x00000] in C:\Users\sonegothi\Desktop\Documentos\GGJ\Bit Byters\Library\PackageCache\com.unity.visualscripting@1.8.0\Editor\VisualScripting.Core\Plugins\PluginManifest.cs:48 
  at Unity.VisualScripting.PluginContainer.Initialize () [0x0057d] in C:\Users\sonegothi\Desktop\Documentos\GGJ\Bit Byters\Library\PackageCache\com.unity.visualscripting@1.8.0\Editor\VisualScripting.Core\Plugins\PluginContainer.cs:208 
  at Unity.VisualScripting.PluginContainer.InitializeOnLoad () [0x00012] in C:\Users\sonegothi\Desktop\Documentos\GGJ\Bit Byters\Library\PackageCache\com.unity.visualscripting@1.8.0\Editor\VisualScripting.Core\Plugins\PluginContainer.cs:32 
  at Unity.VisualScripting.VSUsageUtility.DoInitializeOnLoadCalls () [0x00044] in C:\Users\sonegothi\Desktop\Documentos\GGJ\Bit Byters\Library\PackageCache\com.unity.visualscripting@1.8.0\Editor\VisualScripting.Core\Utilities\VSUsageUtility.cs:76 
  at Unity.VisualScripting.VSUsageUtility.set_isVisualScriptingUsed (System.Boolean value) [0x00037] in C:\Users\sonegothi\Desktop\Documentos\GGJ\Bit Byters\Library\PackageCache\com.unity.visualscripting@1.8.0\Editor\VisualScripting.Core\Utilities\VSUsageUtility.cs:114 
  at Unity.VisualScripting.VSUsageUtility.CheckAndSetIsVisualScriptingUsed () [0x00013] in C:\Users\sonegothi\Desktop\Documentos\GGJ\Bit Byters\Library\PackageCache\com.unity.visualscripting@1.8.0\Editor\VisualScripting.Core\Utilities\VSUsageUtility.cs:33 
  at Unity.VisualScripting.VSUsageUtility..cctor () [0x0000d] in C:\Users\sonegothi\Desktop\Documentos\GGJ\Bit Byters\Library\PackageCache\com.unity.visualscripting@1.8.0\Editor\VisualScripting.Core\Utilities\VSUsageUtility.cs:22 
UnityEngine.StackTraceUtility:ExtractStackTrace ()
UnityEngine.DebugLogHandler:LogFormat (UnityEngine.LogType,UnityEngine.Object,string,object[])
UnityEngine.Logger:Log (UnityEngine.LogType,object)
UnityEngine.Debug:LogError (object)
UnityEditor.EditorAssemblies:ProcessInitializeOnLoadAttributes (System.Type[])

Mono: successfully reloaded assembly
- Completed reload, in  4.978 seconds
Domain Reload Profiling:
	ReloadAssembly (4980ms)
		BeginReloadAssembly (896ms)
			ExecutionOrderSort (0ms)
			DisableScriptedObjects (26ms)
			BackupInstance (0ms)
			ReleaseScriptingObjects (0ms)
			CreateAndSetChildDomain (141ms)
		EndReloadAssembly (3633ms)
			LoadAssemblies (686ms)
			RebuildTransferFunctionScriptingTraits (0ms)
			SetupTypeCache (754ms)
			ReleaseScriptCaches (3ms)
			RebuildScriptCaches (153ms)
			SetupLoadedEditorAssemblies (1711ms)
				LogAssemblyErrors (0ms)
				InitializePlatformSupportModulesInManaged (89ms)
				SetLoadedEditorAssemblies (2ms)
				RefreshPlugins (1ms)
				BeforeProcessingInitializeOnLoad (351ms)
				ProcessInitializeOnLoadAttributes (1095ms)
				ProcessInitializeOnLoadMethodAttributes (99ms)
				AfterProcessingInitializeOnLoad (74ms)
				EditorAssembliesLoaded (0ms)
			ExecutionOrderSort2 (0ms)
			AwakeInstancesAfterBackupRestoration (21ms)
Platform modules already initialized, skipping
Refreshing native plugins compatible for Editor in 8.70 ms, found 4 plugins.
Preloading 0 native plugins for Editor in 0.00 ms.
Unloading 4064 Unused Serialized files (Serialized files now loaded: 0)
Unloading 32 unused Assets / (195.7 KB). Loaded Objects now: 4560.
Memory consumption went from 156.7 MB to 156.5 MB.
Total: 28.478500 ms (FindLiveObjects: 0.324900 ms CreateObjectMapping: 0.256700 ms MarkObjects: 27.744800 ms  DeleteObjects: 0.150800 ms)

AssetImportParameters requested are different than current active one (requested -> active):
  custom:video-decoder-ogg-theora: a1e56fd34408186e4bbccfd4996cb3dc -> 
  custom:container-muxer-webm: aa71ff27fc2769a1b78a27578f13a17b -> 
  custom:container-demuxer-webm: 4f35f7cbe854078d1ac9338744f61a02 -> 
  custom:video-encoder-webm-vp8: eb34c28f22e8b96e1ab97ce403110664 -> 
  custom:video-codec-MediaFoundation-h265: 746d11721c4dcdbdad8f713fa42b33f4 -> 
  custom:audio-encoder-webm-vorbis: bf7c407c2cedff20999df2af8eb42d56 -> 
  custom:framework-win-MediaFoundation: 216162199b28c13a410421893ffa2e32 -> 
  custom:container-demuxer-ogg: 62fdf1f143b41e24485cea50d1cbac27 -> 
  custom:video-decoder-webm-vp8: 9c59270c3fd7afecdb556c50c9e8de78 -> 
  custom:audio-decoder-ogg-vorbis: bf7c407c2cedff20999df2af8eb42d56 -> 
